Build started 9/24/2017 2:22:11 AM.
     1>Project "A:\Projects\C++\NeuralCells1\NeuralCells\NeuralCells.vcxproj" on node 2 (Build target(s)).
     1>ClCompile:
         A:\Programs\Microsoft Visual Studio 12.0\VC\bin\CL.exe /c /ZI /nologo /W3 /WX- /sdl /Od /Oy- /D _MBCS /Gm /EHsc /RTC1 /MDd /GS /fp:precise /Zc:wchar_t /Zc:forScope /Fo"Debug\\" /Fd"Debug\vc120.pdb" /Gd /TP /analyze- /errorReport:prompt CellCreature.cpp
         CellCreature.cpp
     1>a:\projects\c++\neuralcells1\neuralcells\math.h(344): warning C4244: 'return' : conversion from 'double' to 'float', possible loss of data
     1>a:\projects\c++\neuralcells1\neuralcells\math.h(350): warning C4244: 'return' : conversion from 'double' to 'float', possible loss of data
     1>a:\projects\c++\neuralcells1\neuralcells\drawing.h(61): warning C4244: 'initializing' : conversion from 'double' to 'float', possible loss of data
     1>a:\projects\c++\neuralcells1\neuralcells\drawing.h(62): warning C4244: 'initializing' : conversion from 'double' to 'float', possible loss of data
     1>a:\projects\c++\neuralcells1\neuralcells\drawing.h(75): warning C4244: 'argument' : conversion from 'int' to 'float', possible loss of data
     1>a:\projects\c++\neuralcells1\neuralcells\drawing.h(77): warning C4305: '+=' : truncation from 'double' to 'float'
     1>a:\projects\c++\neuralcells1\neuralcells\drawing.h(92): warning C4244: 'argument' : conversion from 'int' to 'GLfloat', possible loss of data
     1>a:\projects\c++\neuralcells1\neuralcells\drawing.h(93): warning C4244: 'argument' : conversion from 'int' to 'GLfloat', possible loss of data
     1>a:\projects\c++\neuralcells1\neuralcells\drawing.h(95): warning C4244: 'argument' : conversion from 'int' to 'GLfloat', possible loss of data
     1>a:\projects\c++\neuralcells1\neuralcells\drawing.h(185): warning C4018: '<' : signed/unsigned mismatch
     1>a:\projects\c++\neuralcells1\neuralcells\drawing.h(222): warning C4018: '<' : signed/unsigned mismatch
     1>a:\projects\c++\neuralcells1\neuralcells\drawing.h(265): warning C4018: '<' : signed/unsigned mismatch
     1>a:\projects\c++\neuralcells1\neuralcells\neuralnetwork.h(39): warning C4018: '<' : signed/unsigned mismatch
     1>a:\projects\c++\neuralcells1\neuralcells\neuralnetwork.h(60): warning C4018: '<' : signed/unsigned mismatch
     1>a:\projects\c++\neuralcells1\neuralcells\neuralnetwork.h(86): warning C4018: '<' : signed/unsigned mismatch
     1>a:\projects\c++\neuralcells1\neuralcells\neuralnetwork.h(124): warning C4018: '<' : signed/unsigned mismatch
     1>a:\projects\c++\neuralcells1\neuralcells\neuralnetwork.h(137): warning C4244: 'initializing' : conversion from 'int' to 'float', possible loss of data
     1>a:\projects\c++\neuralcells1\neuralcells\neuralnetwork.h(237): warning C4018: '<' : signed/unsigned mismatch
     1>a:\projects\c++\neuralcells1\neuralcells\neuralnetwork.h(244): warning C4018: '<' : signed/unsigned mismatch
     1>a:\projects\c++\neuralcells1\neuralcells\neuralnetwork.h(248): warning C4244: 'initializing' : conversion from 'double' to 'int', possible loss of data
     1>a:\projects\c++\neuralcells1\neuralcells\neuralnetwork.h(249): warning C4244: 'initializing' : conversion from 'double' to 'int', possible loss of data
     1>a:\projects\c++\neuralcells1\neuralcells\neuralnetwork.h(253): warning C4018: '<' : signed/unsigned mismatch
     1>a:\projects\c++\neuralcells1\neuralcells\neuralnetwork.h(256): warning C4244: 'initializing' : conversion from 'double' to 'int', possible loss of data
     1>a:\projects\c++\neuralcells1\neuralcells\neuralnetwork.h(257): warning C4244: 'initializing' : conversion from 'double' to 'int', possible loss of data
     1>a:\projects\c++\neuralcells1\neuralcells\neuralnetwork.h(261): warning C4244: 'initializing' : conversion from 'int' to 'float', possible loss of data
     1>a:\projects\c++\neuralcells1\neuralcells\neuralnetwork.h(262): warning C4244: 'initializing' : conversion from 'int' to 'float', possible loss of data
     1>a:\projects\c++\neuralcells1\neuralcells\neuralnetwork.h(265): warning C4305: '+=' : truncation from 'double' to 'float'
     1>a:\projects\c++\neuralcells1\neuralcells\neuralnetwork.h(266): warning C4244: '=' : conversion from 'double' to 'float', possible loss of data
     1>a:\projects\c++\neuralcells1\neuralcells\neuralnetwork.h(275): warning C4244: 'argument' : conversion from 'double' to 'float', possible loss of data
     1>a:\projects\c++\neuralcells1\neuralcells\neuralnetwork.h(276): warning C4244: 'argument' : conversion from 'int' to 'float', possible loss of data
     1>a:\projects\c++\neuralcells1\neuralcells\neuralnetwork.h(282): warning C4018: '<' : signed/unsigned mismatch
     1>a:\projects\c++\neuralcells1\neuralcells\neuralnetwork.h(289): warning C4018: '<' : signed/unsigned mismatch
     1>a:\projects\c++\neuralcells1\neuralcells\neuralnetwork.h(293): warning C4244: 'initializing' : conversion from 'double' to 'int', possible loss of data
     1>a:\projects\c++\neuralcells1\neuralcells\neuralnetwork.h(294): warning C4244: 'initializing' : conversion from 'double' to 'int', possible loss of data
     1>a:\projects\c++\neuralcells1\neuralcells\neuralnetwork.h(313): warning C4244: 'return' : conversion from 'float' to 'int', possible loss of data
     1>a:\projects\c++\neuralcells1\neuralcells\body.h(40): warning C4244: 'argument' : conversion from 'int' to 'float', possible loss of data
     1>a:\projects\c++\neuralcells1\neuralcells\body.h(40): warning C4244: 'argument' : conversion from 'float' to 'int', possible loss of data
     1>a:\projects\c++\neuralcells1\neuralcells\meat.h(17): warning C4244: 'argument' : conversion from 'int' to 'float', possible loss of data
     1>a:\projects\c++\neuralcells1\neuralcells\meat.h(21): warning C4244: 'argument' : conversion from 'float' to 'int', possible loss of data
     1>a:\projects\c++\neuralcells1\neuralcells\plant.h(16): warning C4244: 'argument' : conversion from 'int' to 'float', possible loss of data
     1>a:\projects\c++\neuralcells1\neuralcells\plant.h(20): warning C4244: 'argument' : conversion from 'float' to 'int', possible loss of data
     1>a:\projects\c++\neuralcells1\neuralcells\moveelement.h(23): warning C4244: 'initializing' : conversion from 'time_t' to 'float', possible loss of data
     1>a:\projects\c++\neuralcells1\neuralcells\moveelement.h(26): warning C4244: '+=' : conversion from 'double' to 'float', possible loss of data
     1>a:\projects\c++\neuralcells1\neuralcells\moveelement.h(30): warning C4305: '-=' : truncation from 'double' to 'float'
     1>a:\projects\c++\neuralcells1\neuralcells\moveelement.h(32): warning C4305: '+=' : truncation from 'double' to 'float'
     1>a:\projects\c++\neuralcells1\neuralcells\moveelement.h(34): warning C4244: 'argument' : conversion from 'int' to 'float', possible loss of data
     1>a:\projects\c++\neuralcells1\neuralcells\moveelement.h(35): warning C4244: 'argument' : conversion from 'int' to 'float', possible loss of data
     1>a:\projects\c++\neuralcells1\neuralcells\moveelement.h(44): warning C4244: 'argument' : conversion from 'double' to 'float', possible loss of data
     1>a:\projects\c++\neuralcells1\neuralcells\moveelement.h(49): warning C4244: 'argument' : conversion from 'int' to 'float', possible loss of data
     1>a:\projects\c++\neuralcells1\neuralcells\eye.h(16): warning C4305: 'initializing' : truncation from 'double' to 'float'
     1>a:\projects\c++\neuralcells1\neuralcells\eye.h(23): warning C4244: 'argument' : conversion from 'int' to 'float', possible loss of data
     1>a:\projects\c++\neuralcells1\neuralcells\eye.h(23): warning C4244: 'argument' : conversion from 'float' to 'int', possible loss of data
     1>a:\projects\c++\neuralcells1\neuralcells\eye.h(24): warning C4244: 'argument' : conversion from 'int' to 'float', possible loss of data
     1>a:\projects\c++\neuralcells1\neuralcells\eye.h(24): warning C4244: 'argument' : conversion from 'float' to 'int', possible loss of data
     1>a:\projects\c++\neuralcells1\neuralcells\spike.h(21): warning C4244: '+=' : conversion from 'double' to 'float', possible loss of data
     1>a:\projects\c++\neuralcells1\neuralcells\spike.h(23): warning C4244: 'argument' : conversion from 'int' to 'float', possible loss of data
     1>a:\projects\c++\neuralcells1\neuralcells\spike.h(24): warning C4244: 'argument' : conversion from 'int' to 'float', possible loss of data
     1>a:\projects\c++\neuralcells1\neuralcells\spike.h(25): warning C4244: 'argument' : conversion from 'int' to 'float', possible loss of data
     1>a:\projects\c++\neuralcells1\neuralcells\plantgenerator.h(19): warning C4244: 'argument' : conversion from 'float' to 'int', possible loss of data
     1>a:\projects\c++\neuralcells1\neuralcells\plantgenerator.h(31): warning C4305: 'argument' : truncation from 'double' to 'float'
     1>a:\projects\c++\neuralcells1\neuralcells\plantgenerator.h(33): warning C4244: 'argument' : conversion from 'double' to 'float', possible loss of data
     1>a:\projects\c++\neuralcells1\neuralcells\plantgenerator.h(55): warning C4244: 'argument' : conversion from 'float' to 'int', possible loss of data
     1>a:\projects\c++\neuralcells1\neuralcells\plantgenerator.h(70): warning C4018: '<' : signed/unsigned mismatch
     1>a:\projects\c++\neuralcells1\neuralcells\world.h(31): warning C4244: 'argument' : conversion from 'float' to 'int', possible loss of data
     1>a:\projects\c++\neuralcells1\neuralcells\world.h(64): warning C4244: 'argument' : conversion from 'int' to 'float', possible loss of data
     1>a:\projects\c++\neuralcells1\neuralcells\cellcreature.cpp(14): warning C4305: 'argument' : truncation from 'double' to 'float'
     1>a:\projects\c++\neuralcells1\neuralcells\cellcreature.cpp(15): warning C4244: 'argument' : conversion from 'int' to 'float', possible loss of data
     1>a:\projects\c++\neuralcells1\neuralcells\cellcreature.cpp(15): warning C4244: '=' : conversion from 'float' to 'int', possible loss of data
     1>a:\projects\c++\neuralcells1\neuralcells\cellcreature.cpp(16): warning C4244: 'initializing' : conversion from 'int' to 'float', possible loss of data
     1>a:\projects\c++\neuralcells1\neuralcells\cellcreature.cpp(26): warning C4305: '+=' : truncation from 'double' to 'float'
     1>a:\projects\c++\neuralcells1\neuralcells\cellcreature.cpp(57): warning C4244: 'initializing' : conversion from 'int' to 'float', possible loss of data
     1>a:\projects\c++\neuralcells1\neuralcells\cellcreature.cpp(59): warning C4244: 'argument' : conversion from 'float' to 'int', possible loss of data
     1>a:\projects\c++\neuralcells1\neuralcells\cellcreature.cpp(63): warning C4244: 'argument' : conversion from 'float' to 'int', possible loss of data
     1>a:\projects\c++\neuralcells1\neuralcells\cellcreature.cpp(74): warning C4244: 'argument' : conversion from 'unsigned int' to 'float', possible loss of data
     1>a:\projects\c++\neuralcells1\neuralcells\cellcreature.cpp(133): warning C4018: '<' : signed/unsigned mismatch
     1>a:\projects\c++\neuralcells1\neuralcells\cellcreature.cpp(149): warning C4244: 'argument' : conversion from 'int' to 'float', possible loss of data
     1>a:\projects\c++\neuralcells1\neuralcells\cellcreature.cpp(175): warning C4244: '=' : conversion from 'int' to 'float', possible loss of data
     1>a:\projects\c++\neuralcells1\neuralcells\cellcreature.cpp(180): warning C4018: '<' : signed/unsigned mismatch
     1>a:\projects\c++\neuralcells1\neuralcells\cellcreature.cpp(186): warning C4244: 'initializing' : conversion from 'int' to 'float', possible loss of data
     1>a:\projects\c++\neuralcells1\neuralcells\cellcreature.cpp(238): warning C4305: 'argument' : truncation from 'double' to 'float'
     1>a:\projects\c++\neuralcells1\neuralcells\cellcreature.cpp(254): warning C4715: 'CellCreature::AddSubBody' : not all control paths return a value
       Link:
         A:\Programs\Microsoft Visual Studio 12.0\VC\bin\link.exe /ERRORREPORT:PROMPT /OUT:"A:\Projects\C++\NeuralCells1\Debug\NeuralCells.exe" /INCREMENTAL /NOLOGO glfw3.lib glfw3dll.lib freeglut.lib kernel32.lib user32.lib gdi32.lib winspool.lib comdlg32.lib advapi32.lib shell32.lib ole32.lib oleaut32.lib uuid.lib odbc32.lib odbccp32.lib /MANIFEST /MANIFESTUAC:"level='asInvoker' uiAccess='false'" /manifest:embed /DEBUG /PDB:"A:\Projects\C++\NeuralCells1\Debug\NeuralCells.pdb" /TLBID:1 /DYNAMICBASE /NXCOMPAT /IMPLIB:"A:\Projects\C++\NeuralCells1\Debug\NeuralCells.lib" /MACHINE:X86 Debug\CellCreature.obj
         Debug\Meat.obj
         Debug\noise.obj
         Debug\World.obj
         Debug\main.obj
         Debug\Mouth.obj
         Debug\Plant.obj
         Debug\PlantGenerator.obj
     1>LINK : warning LNK4098: defaultlib 'MSVCRT' conflicts with use of other libs; use /NODEFAULTLIB:library
         NeuralCells.vcxproj -> A:\Projects\C++\NeuralCells1\Debug\NeuralCells.exe
     1>Done Building Project "A:\Projects\C++\NeuralCells1\NeuralCells\NeuralCells.vcxproj" (Build target(s)).

Build succeeded.

Time Elapsed 00:00:01.59
