  NeuralNetwork.cpp
D:\Projects\C++\NeuralBots\NeuralBots\math.h(368,17): warning C4244: 'return': conversion from 'double' to 'float', possible loss of data
D:\Projects\C++\NeuralBots\NeuralBots\math.h(374,18): warning C4244: 'return': conversion from 'double' to 'float', possible loss of data
D:\Projects\C++\NeuralBots\NeuralBots\Drawing.h(69,58): warning C4244: '+=': conversion from 'double' to 'float', possible loss of data
D:\Projects\C++\NeuralBots\NeuralBots\Drawing.h(85,32): warning C4244: 'argument': conversion from 'int' to 'float', possible loss of data
D:\Projects\C++\NeuralBots\NeuralBots\Drawing.h(85,29): warning C4244: 'argument': conversion from 'int' to 'float', possible loss of data
D:\Projects\C++\NeuralBots\NeuralBots\Drawing.h(87,58): warning C4244: '+=': conversion from 'double' to 'float', possible loss of data
D:\Projects\C++\NeuralBots\NeuralBots\Drawing.h(104,32): warning C4244: 'argument': conversion from 'int' to 'float', possible loss of data
D:\Projects\C++\NeuralBots\NeuralBots\Drawing.h(104,29): warning C4244: 'argument': conversion from 'int' to 'float', possible loss of data
D:\Projects\C++\NeuralBots\NeuralBots\Drawing.h(106,58): warning C4244: '+=': conversion from 'double' to 'float', possible loss of data
D:\Projects\C++\NeuralBots\NeuralBots\Drawing.h(110,12): warning C4244: 'initializing': conversion from 'double' to 'float', possible loss of data
D:\Projects\C++\NeuralBots\NeuralBots\Drawing.h(111,12): warning C4244: 'initializing': conversion from 'double' to 'float', possible loss of data
D:\Projects\C++\NeuralBots\NeuralBots\Drawing.h(126,32): warning C4244: 'argument': conversion from 'int' to 'float', possible loss of data
D:\Projects\C++\NeuralBots\NeuralBots\Drawing.h(126,29): warning C4244: 'argument': conversion from 'int' to 'float', possible loss of data
D:\Projects\C++\NeuralBots\NeuralBots\Drawing.h(135,49): warning C4244: 'argument': conversion from 'double' to 'float', possible loss of data
D:\Projects\C++\NeuralBots\NeuralBots\Drawing.h(136,49): warning C4244: 'argument': conversion from 'double' to 'float', possible loss of data
D:\Projects\C++\NeuralBots\NeuralBots\Drawing.h(149,16): warning C4244: 'argument': conversion from 'int' to 'GLfloat', possible loss of data
D:\Projects\C++\NeuralBots\NeuralBots\Drawing.h(149,13): warning C4244: 'argument': conversion from 'int' to 'GLfloat', possible loss of data
D:\Projects\C++\NeuralBots\NeuralBots\Drawing.h(150,20): warning C4244: 'argument': conversion from 'int' to 'GLfloat', possible loss of data
D:\Projects\C++\NeuralBots\NeuralBots\Drawing.h(152,13): warning C4244: 'argument': conversion from 'int' to 'GLfloat', possible loss of data
D:\Projects\C++\NeuralBots\NeuralBots\Drawing.h(159,25): warning C4244: '=': conversion from 'float' to 'int', possible loss of data
D:\Projects\C++\NeuralBots\NeuralBots\Drawing.h(160,25): warning C4244: '=': conversion from 'float' to 'int', possible loss of data
D:\Projects\C++\NeuralBots\NeuralBots\Drawing.h(166,16): warning C4244: 'argument': conversion from 'int' to 'GLfloat', possible loss of data
D:\Projects\C++\NeuralBots\NeuralBots\Drawing.h(166,13): warning C4244: 'argument': conversion from 'int' to 'GLfloat', possible loss of data
D:\Projects\C++\NeuralBots\NeuralBots\Drawing.h(167,20): warning C4244: 'argument': conversion from 'int' to 'GLfloat', possible loss of data
D:\Projects\C++\NeuralBots\NeuralBots\Drawing.h(169,13): warning C4244: 'argument': conversion from 'int' to 'GLfloat', possible loss of data
D:\Projects\C++\NeuralBots\NeuralBots\Drawing.h(178,39): warning C4244: '=': conversion from 'float' to 'int', possible loss of data
D:\Projects\C++\NeuralBots\NeuralBots\Drawing.h(179,39): warning C4244: '=': conversion from 'float' to 'int', possible loss of data
D:\Projects\C++\NeuralBots\NeuralBots\Drawing.h(183,16): warning C4244: 'argument': conversion from 'int' to 'GLfloat', possible loss of data
D:\Projects\C++\NeuralBots\NeuralBots\Drawing.h(183,13): warning C4244: 'argument': conversion from 'int' to 'GLfloat', possible loss of data
D:\Projects\C++\NeuralBots\NeuralBots\Drawing.h(184,20): warning C4244: 'argument': conversion from 'int' to 'GLfloat', possible loss of data
D:\Projects\C++\NeuralBots\NeuralBots\Drawing.h(186,13): warning C4244: 'argument': conversion from 'int' to 'GLfloat', possible loss of data
D:\Projects\C++\NeuralBots\NeuralBots\Drawing.h(197,25): warning C4244: '=': conversion from 'float' to 'int', possible loss of data
D:\Projects\C++\NeuralBots\NeuralBots\Drawing.h(198,25): warning C4244: '=': conversion from 'float' to 'int', possible loss of data
D:\Projects\C++\NeuralBots\NeuralBots\Drawing.h(203,32): warning C4244: 'argument': conversion from 'int' to 'float', possible loss of data
D:\Projects\C++\NeuralBots\NeuralBots\Drawing.h(203,29): warning C4244: 'argument': conversion from 'int' to 'float', possible loss of data
D:\Projects\C++\NeuralBots\NeuralBots\Drawing.h(204,32): warning C4244: 'argument': conversion from 'int' to 'float', possible loss of data
D:\Projects\C++\NeuralBots\NeuralBots\Drawing.h(204,29): warning C4244: 'argument': conversion from 'int' to 'float', possible loss of data
D:\Projects\C++\NeuralBots\NeuralBots\Drawing.h(205,32): warning C4244: 'argument': conversion from 'int' to 'float', possible loss of data
D:\Projects\C++\NeuralBots\NeuralBots\Drawing.h(205,29): warning C4244: 'argument': conversion from 'int' to 'float', possible loss of data
D:\Projects\C++\NeuralBots\NeuralBots\Drawing.h(206,32): warning C4244: 'argument': conversion from 'int' to 'float', possible loss of data
D:\Projects\C++\NeuralBots\NeuralBots\Drawing.h(206,29): warning C4244: 'argument': conversion from 'int' to 'float', possible loss of data
D:\Projects\C++\NeuralBots\NeuralBots\Drawing.h(307,20): warning C4018: '<': signed/unsigned mismatch
D:\Projects\C++\NeuralBots\NeuralBots\Drawing.h(344,20): warning C4018: '<': signed/unsigned mismatch
D:\Projects\C++\NeuralBots\NeuralBots\Drawing.h(387,20): warning C4018: '<': signed/unsigned mismatch
D:\Projects\C++\NeuralBots\NeuralBots\NeuralNetwork\NeuralNetwork.cpp(11,21): warning C4018: '<': signed/unsigned mismatch
D:\Projects\C++\NeuralBots\NeuralBots\NeuralNetwork\NeuralNetwork.cpp(37,2): warning C4267: 'initializing': conversion from 'size_t' to 'uint16_t', possible loss of data
D:\Projects\C++\NeuralBots\NeuralBots\NeuralNetwork\NeuralNetwork.cpp(200,19): warning C4244: 'initializing': conversion from 'int' to 'float', possible loss of data
D:\Projects\C++\NeuralBots\NeuralBots\NeuralNetwork\NeuralNetwork.cpp(231,22): warning C4018: '<': signed/unsigned mismatch
D:\Projects\C++\NeuralBots\NeuralBots\NeuralNetwork\NeuralNetwork.cpp(233,12): warning C4244: 'initializing': conversion from 'double' to 'int', possible loss of data
D:\Projects\C++\NeuralBots\NeuralBots\NeuralNetwork\NeuralNetwork.cpp(234,12): warning C4244: 'initializing': conversion from 'double' to 'int', possible loss of data
D:\Projects\C++\NeuralBots\NeuralBots\NeuralNetwork\NeuralNetwork.cpp(239,24): warning C4018: '<': signed/unsigned mismatch
D:\Projects\C++\NeuralBots\NeuralBots\NeuralNetwork\NeuralNetwork.cpp(241,20): warning C4244: 'initializing': conversion from 'eT' to 'float', possible loss of data
          with
          [
              eT=double
          ]
D:\Projects\C++\NeuralBots\NeuralBots\NeuralNetwork\NeuralNetwork.cpp(242,14): warning C4244: 'initializing': conversion from 'double' to 'int', possible loss of data
D:\Projects\C++\NeuralBots\NeuralBots\NeuralNetwork\NeuralNetwork.cpp(243,14): warning C4244: 'initializing': conversion from 'double' to 'int', possible loss of data
D:\Projects\C++\NeuralBots\NeuralBots\NeuralNetwork\NeuralNetwork.cpp(247,18): warning C4244: 'initializing': conversion from 'int' to 'float', possible loss of data
D:\Projects\C++\NeuralBots\NeuralBots\NeuralNetwork\NeuralNetwork.cpp(248,18): warning C4244: 'initializing': conversion from 'int' to 'float', possible loss of data
D:\Projects\C++\NeuralBots\NeuralBots\NeuralNetwork\NeuralNetwork.cpp(251,39): warning C4305: '+=': truncation from 'double' to 'float'
D:\Projects\C++\NeuralBots\NeuralBots\NeuralNetwork\NeuralNetwork.cpp(252,34): warning C4244: '=': conversion from 'double' to 'float', possible loss of data
D:\Projects\C++\NeuralBots\NeuralBots\NeuralNetwork\NeuralNetwork.cpp(258,53): warning C4244: 'argument': conversion from 'double' to 'float', possible loss of data
D:\Projects\C++\NeuralBots\NeuralBots\NeuralNetwork\NeuralNetwork.cpp(258,21): warning C4244: 'argument': conversion from 'double' to 'float', possible loss of data
D:\Projects\C++\NeuralBots\NeuralBots\NeuralNetwork\NeuralNetwork.cpp(256,12): warning C4244: 'argument': conversion from 'int' to 'float', possible loss of data
D:\Projects\C++\NeuralBots\NeuralBots\NeuralNetwork\NeuralNetwork.cpp(256,8): warning C4244: 'argument': conversion from 'int' to 'float', possible loss of data
D:\Projects\C++\NeuralBots\NeuralBots\NeuralNetwork\NeuralNetwork.cpp(255,12): warning C4244: 'argument': conversion from 'int' to 'float', possible loss of data
D:\Projects\C++\NeuralBots\NeuralBots\NeuralNetwork\NeuralNetwork.cpp(255,8): warning C4244: 'argument': conversion from 'int' to 'float', possible loss of data
D:\Projects\C++\NeuralBots\NeuralBots\NeuralNetwork\NeuralNetwork.cpp(270,22): warning C4018: '<': signed/unsigned mismatch
D:\Projects\C++\NeuralBots\NeuralBots\NeuralNetwork\NeuralNetwork.cpp(272,12): warning C4244: 'initializing': conversion from 'double' to 'int', possible loss of data
D:\Projects\C++\NeuralBots\NeuralBots\NeuralNetwork\NeuralNetwork.cpp(273,12): warning C4244: 'initializing': conversion from 'double' to 'int', possible loss of data
D:\Projects\C++\NeuralBots\NeuralBots\NeuralNetwork\NeuralNetwork.cpp(274,17): warning C4244: 'initializing': conversion from 'eT' to 'float', possible loss of data
          with
          [
              eT=double
          ]
  NeuralBots.vcxproj -> D:\Projects\C++\NeuralBots\Debug\NeuralBots.exe
